# JRE version: Java(TM) SE Runtime Environment (8.0_162-b12) (build 1.8.0_162-b12)
# Java VM: Java HotSpot(TM) 64-Bit Server VM (25.162-b12 mixed mode windows-amd64 compressed oops)
Heap:
 PSYoungGen      total 4893184K, used 1126471K [0x000000066ab00000, 0x00000007c0000000, 0x00000007c0000000)
  eden space 4194304K, 26% used [0x000000066ab00000,0x00000006af711f08,0x000000076ab00000)
  from space 698880K, 0% used [0x0000000795580000,0x0000000795580000,0x00000007c0000000)
  to   space 698880K, 0% used [0x000000076ab00000,0x000000076ab00000,0x0000000795580000)
 ParOldGen       total 11185152K, used 16596K [0x00000003c0000000, 0x000000066ab00000, 0x000000066ab00000)
  object space 11185152K, 0% used [0x00000003c0000000,0x00000003c1035350,0x000000066ab00000)
 Metaspace       used 47326K, capacity 47894K, committed 48256K, reserved 1093632K
  class space    used 6950K, capacity 7228K, committed 7296K, reserved 1048576K
GC Heap History (8 events):
Event: 5.611 GC heap before
{Heap before GC invocations=1 (full 0):
 PSYoungGen      total 4893184K, used 754974K [0x000000066ab00000, 0x00000007c0000000, 0x00000007c0000000)
  eden space 4194304K, 18% used [0x000000066ab00000,0x0000000698c47be0,0x000000076ab00000)
  from space 698880K, 0% used [0x0000000795580000,0x0000000795580000,0x00000007c0000000)
  to   space 698880K, 0% used [0x000000076ab00000,0x000000076ab00000,0x0000000795580000)
 ParOldGen       total 11185152K, used 0K [0x00000003c0000000, 0x000000066ab00000, 0x000000066ab00000)
  object space 11185152K, 0% used [0x00000003c0000000,0x00000003c0000000,0x000000066ab00000)
 Metaspace       used 20859K, capacity 21192K, committed 21296K, reserved 1069056K
  class space    used 2467K, capacity 2664K, committed 2688K, reserved 1048576K
Event: 5.634 GC heap after
Heap after GC invocations=1 (full 0):
 PSYoungGen      total 4893184K, used 14602K [0x000000066ab00000, 0x00000007c0000000, 0x00000007c0000000)
  eden space 4194304K, 0% used [0x000000066ab00000,0x000000066ab00000,0x000000076ab00000)
  from space 698880K, 2% used [0x000000076ab00000,0x000000076b942848,0x0000000795580000)
  to   space 698880K, 0% used [0x0000000795580000,0x0000000795580000,0x00000007c0000000)
 ParOldGen       total 11185152K, used 24K [0x00000003c0000000, 0x000000066ab00000, 0x000000066ab00000)
  object space 11185152K, 0% used [0x00000003c0000000,0x00000003c0006000,0x000000066ab00000)
 Metaspace       used 20859K, capacity 21192K, committed 21296K, reserved 1069056K
  class space    used 2467K, capacity 2664K, committed 2688K, reserved 1048576K
}
Event: 5.634 GC heap before
{Heap before GC invocations=2 (full 1):
 PSYoungGen      total 4893184K, used 14602K [0x000000066ab00000, 0x00000007c0000000, 0x00000007c0000000)
  eden space 4194304K, 0% used [0x000000066ab00000,0x000000066ab00000,0x000000076ab00000)
  from space 698880K, 2% used [0x000000076ab00000,0x000000076b942848,0x0000000795580000)
  to   space 698880K, 0% used [0x0000000795580000,0x0000000795580000,0x00000007c0000000)
 ParOldGen       total 11185152K, used 24K [0x00000003c0000000, 0x000000066ab00000, 0x000000066ab00000)
  object space 11185152K, 0% used [0x00000003c0000000,0x00000003c0006000,0x000000066ab00000)
 Metaspace       used 20859K, capacity 21192K, committed 21296K, reserved 1069056K
  class space    used 2467K, capacity 2664K, committed 2688K, reserved 1048576K
Event: 5.695 GC heap after
Heap after GC invocations=2 (full 1):
 PSYoungGen      total 4893184K, used 0K [0x000000066ab00000, 0x00000007c0000000, 0x00000007c0000000)
  eden space 4194304K, 0% used [0x000000066ab00000,0x000000066ab00000,0x000000076ab00000)
  from space 698880K, 0% used [0x000000076ab00000,0x000000076ab00000,0x0000000795580000)
  to   space 698880K, 0% used [0x0000000795580000,0x0000000795580000,0x00000007c0000000)
 ParOldGen       total 11185152K, used 13199K [0x00000003c0000000, 0x000000066ab00000, 0x000000066ab00000)
  object space 11185152K, 0% used [0x00000003c0000000,0x00000003c0ce3cf0,0x000000066ab00000)
 Metaspace       used 20859K, capacity 21192K, committed 21296K, reserved 1069056K
  class space    used 2467K, capacity 2664K, committed 2688K, reserved 1048576K
}
Event: 10.804 GC heap before
{Heap before GC invocations=3 (full 1):
 PSYoungGen      total 4893184K, used 822084K [0x000000066ab00000, 0x00000007c0000000, 0x00000007c0000000)
  eden space 4194304K, 19% used [0x000000066ab00000,0x000000069cdd1110,0x000000076ab00000)
  from space 698880K, 0% used [0x000000076ab00000,0x000000076ab00000,0x0000000795580000)
  to   space 698880K, 0% used [0x0000000795580000,0x0000000795580000,0x00000007c0000000)
 ParOldGen       total 11185152K, used 13199K [0x00000003c0000000, 0x000000066ab00000, 0x000000066ab00000)
  object space 11185152K, 0% used [0x00000003c0000000,0x00000003c0ce3cf0,0x000000066ab00000)
 Metaspace       used 34933K, capacity 35324K, committed 35456K, reserved 1079296K
  class space    used 5017K, capacity 5229K, committed 5248K, reserved 1048576K
Event: 10.824 GC heap after
Heap after GC invocations=3 (full 1):
 PSYoungGen      total 4893184K, used 10161K [0x000000066ab00000, 0x00000007c0000000, 0x00000007c0000000)
  eden space 4194304K, 0% used [0x000000066ab00000,0x000000066ab00000,0x000000076ab00000)
  from space 698880K, 1% used [0x0000000795580000,0x0000000795f6c440,0x00000007c0000000)
  to   space 698880K, 0% used [0x000000076ab00000,0x000000076ab00000,0x0000000795580000)
 ParOldGen       total 11185152K, used 13271K [0x00000003c0000000, 0x000000066ab00000, 0x000000066ab00000)
  object space 11185152K, 0% used [0x00000003c0000000,0x00000003c0cf5d00,0x000000066ab00000)
 Metaspace       used 34933K, capacity 35324K, committed 35456K, reserved 1079296K
  class space    used 5017K, capacity 5229K, committed 5248K, reserved 1048576K
}
Event: 10.824 GC heap before
{Heap before GC invocations=4 (full 2):
 PSYoungGen      total 4893184K, used 10161K [0x000000066ab00000, 0x00000007c0000000, 0x00000007c0000000)
  eden space 4194304K, 0% used [0x000000066ab00000,0x000000066ab00000,0x000000076ab00000)
  from space 698880K, 1% used [0x0000000795580000,0x0000000795f6c440,0x00000007c0000000)
  to   space 698880K, 0% used [0x000000076ab00000,0x000000076ab00000,0x0000000795580000)
 ParOldGen       total 11185152K, used 13271K [0x00000003c0000000, 0x000000066ab00000, 0x000000066ab00000)
  object space 11185152K, 0% used [0x00000003c0000000,0x00000003c0cf5d00,0x000000066ab00000)
 Metaspace       used 34933K, capacity 35324K, committed 35456K, reserved 1079296K
  class space    used 5017K, capacity 5229K, committed 5248K, reserved 1048576K
Event: 10.877 GC heap after
Heap after GC invocations=4 (full 2):
 PSYoungGen      total 4893184K, used 0K [0x000000066ab00000, 0x00000007c0000000, 0x00000007c0000000)
  eden space 4194304K, 0% used [0x000000066ab00000,0x000000066ab00000,0x000000076ab00000)
  from space 698880K, 0% used [0x0000000795580000,0x0000000795580000,0x00000007c0000000)
  to   space 698880K, 0% used [0x000000076ab00000,0x000000076ab00000,0x0000000795580000)
 ParOldGen       total 11185152K, used 16596K [0x00000003c0000000, 0x000000066ab00000, 0x000000066ab00000)
  object space 11185152K, 0% used [0x00000003c0000000,0x00000003c1035350,0x000000066ab00000)
 Metaspace       used 34933K, capacity 35324K, committed 35456K, reserved 1079296K
  class space    used 5017K, capacity 5229K, committed 5248K, reserved 1048576K
}

