# JRE version: Java(TM) SE Runtime Environment (13.0+33) (build 13-ea+33)
# Java VM: Java HotSpot(TM) 64-Bit Server VM (13-ea+33, mixed mode, sharing, tiered, compressed oops, parallel gc, windows-amd64)
Heap:
 PSYoungGen      total 3514880K, used 2299468K [0x0000000700000000, 0x0000000800000000, 0x0000000800000000)
  eden space 2850816K, 79% used [0x0000000700000000,0x000000078a33b370,0x00000007ae000000)
  from space 664064K, 5% used [0x00000007ae000000,0x00000007b0257e00,0x00000007d6880000)
  to   space 645120K, 0% used [0x00000007d8a00000,0x00000007d8a00000,0x0000000800000000)
 ParOldGen       total 8388608K, used 885963K [0x0000000500000000, 0x0000000700000000, 0x0000000700000000)
  object space 8388608K, 10% used [0x0000000500000000,0x0000000536132da8,0x0000000700000000)
 Metaspace       used 92200K, capacity 94053K, committed 94228K, reserved 1130496K
  class space    used 12913K, capacity 13631K, committed 13696K, reserved 1048576K
GC Heap History (20 events):
Event: 142.590 GC heap before
{Heap before GC invocations=7 (full 3):
 PSYoungGen      total 3670016K, used 3145728K [0x0000000700000000, 0x0000000800000000, 0x0000000800000000)
  eden space 3145728K, 100% used [0x0000000700000000,0x00000007c0000000,0x00000007c0000000)
  from space 524288K, 0% used [0x00000007c0000000,0x00000007c0000000,0x00000007e0000000)
  to   space 524288K, 0% used [0x00000007e0000000,0x00000007e0000000,0x0000000800000000)
 ParOldGen       total 8388608K, used 58816K [0x0000000500000000, 0x0000000700000000, 0x0000000700000000)
  object space 8388608K, 0% used [0x0000000500000000,0x00000005039700a0,0x0000000700000000)
 Metaspace       used 87220K, capacity 88700K, committed 88852K, reserved 1124352K
  class space    used 12493K, capacity 13112K, committed 13184K, reserved 1048576K
}
Event: 142.688 GC heap after
{Heap after GC invocations=7 (full 3):
 PSYoungGen      total 3670016K, used 193594K [0x0000000700000000, 0x0000000800000000, 0x0000000800000000)
  eden space 3145728K, 0% used [0x0000000700000000,0x0000000700000000,0x00000007c0000000)
  from space 524288K, 36% used [0x00000007e0000000,0x00000007ebd0ea90,0x0000000800000000)
  to   space 524288K, 0% used [0x00000007c0000000,0x00000007c0000000,0x00000007e0000000)
 ParOldGen       total 8388608K, used 58832K [0x0000000500000000, 0x0000000700000000, 0x0000000700000000)
  object space 8388608K, 0% used [0x0000000500000000,0x00000005039740a0,0x0000000700000000)
 Metaspace       used 87220K, capacity 88700K, committed 88852K, reserved 1124352K
  class space    used 12493K, capacity 13112K, committed 13184K, reserved 1048576K
}
Event: 255.784 GC heap before
{Heap before GC invocations=8 (full 3):
 PSYoungGen      total 3670016K, used 3339322K [0x0000000700000000, 0x0000000800000000, 0x0000000800000000)
  eden space 3145728K, 100% used [0x0000000700000000,0x00000007c0000000,0x00000007c0000000)
  from space 524288K, 36% used [0x00000007e0000000,0x00000007ebd0ea90,0x0000000800000000)
  to   space 524288K, 0% used [0x00000007c0000000,0x00000007c0000000,0x00000007e0000000)
 ParOldGen       total 8388608K, used 58832K [0x0000000500000000, 0x0000000700000000, 0x0000000700000000)
  object space 8388608K, 0% used [0x0000000500000000,0x00000005039740a0,0x0000000700000000)
 Metaspace       used 88021K, capacity 89555K, committed 89620K, reserved 1126400K
  class space    used 12539K, capacity 13178K, committed 13184K, reserved 1048576K
}
Event: 256.025 GC heap after
{Heap after GC invocations=8 (full 3):
 PSYoungGen      total 3670016K, used 503650K [0x0000000700000000, 0x0000000800000000, 0x0000000800000000)
  eden space 3145728K, 0% used [0x0000000700000000,0x0000000700000000,0x00000007c0000000)
  from space 524288K, 96% used [0x00000007c0000000,0x00000007debd8828,0x00000007e0000000)
  to   space 454656K, 0% used [0x00000007e4400000,0x00000007e4400000,0x0000000800000000)
 ParOldGen       total 8388608K, used 58840K [0x0000000500000000, 0x0000000700000000, 0x0000000700000000)
  object space 8388608K, 0% used [0x0000000500000000,0x00000005039760a0,0x0000000700000000)
 Metaspace       used 88021K, capacity 89555K, committed 89620K, reserved 1126400K
  class space    used 12539K, capacity 13178K, committed 13184K, reserved 1048576K
}
Event: 288.211 GC heap before
{Heap before GC invocations=9 (full 3):
 PSYoungGen      total 3670016K, used 3649378K [0x0000000700000000, 0x0000000800000000, 0x0000000800000000)
  eden space 3145728K, 100% used [0x0000000700000000,0x00000007c0000000,0x00000007c0000000)
  from space 524288K, 96% used [0x00000007c0000000,0x00000007debd8828,0x00000007e0000000)
  to   space 454656K, 0% used [0x00000007e4400000,0x00000007e4400000,0x0000000800000000)
 ParOldGen       total 8388608K, used 58840K [0x0000000500000000, 0x0000000700000000, 0x0000000700000000)
  object space 8388608K, 0% used [0x0000000500000000,0x00000005039760a0,0x0000000700000000)
 Metaspace       used 88813K, capacity 90512K, committed 90772K, reserved 1126400K
  class space    used 12617K, capacity 13298K, committed 13312K, reserved 1048576K
}
Event: 288.510 GC heap after
{Heap after GC invocations=9 (full 3):
 PSYoungGen      total 3322880K, used 454645K [0x0000000700000000, 0x0000000800000000, 0x0000000800000000)
  eden space 2868224K, 0% used [0x0000000700000000,0x0000000700000000,0x00000007af100000)
  from space 454656K, 99% used [0x00000007e4400000,0x00000007ffffd7d8,0x0000000800000000)
  to   space 663040K, 0% used [0x00000007af100000,0x00000007af100000,0x00000007d7880000)
 ParOldGen       total 8388608K, used 211528K [0x0000000500000000, 0x0000000700000000, 0x0000000700000000)
  object space 8388608K, 2% used [0x0000000500000000,0x000000050ce920a0,0x0000000700000000)
 Metaspace       used 88813K, capacity 90512K, committed 90772K, reserved 1126400K
  class space    used 12617K, capacity 13298K, committed 13312K, reserved 1048576K
}
Event: 293.398 GC heap before
{Heap before GC invocations=10 (full 3):
 PSYoungGen      total 3322880K, used 3322869K [0x0000000700000000, 0x0000000800000000, 0x0000000800000000)
  eden space 2868224K, 100% used [0x0000000700000000,0x00000007af100000,0x00000007af100000)
  from space 454656K, 99% used [0x00000007e4400000,0x00000007ffffd7d8,0x0000000800000000)
  to   space 663040K, 0% used [0x00000007af100000,0x00000007af100000,0x00000007d7880000)
 ParOldGen       total 8388608K, used 211528K [0x0000000500000000, 0x0000000700000000, 0x0000000700000000)
  object space 8388608K, 2% used [0x0000000500000000,0x000000050ce920a0,0x0000000700000000)
 Metaspace       used 88813K, capacity 90512K, committed 90772K, reserved 1126400K
  class space    used 12617K, capacity 13298K, committed 13312K, reserved 1048576K
}
Event: 293.530 GC heap after
{Heap after GC invocations=10 (full 3):
 PSYoungGen      total 3358720K, used 490325K [0x0000000700000000, 0x0000000800000000, 0x0000000800000000)
  eden space 2868224K, 0% used [0x0000000700000000,0x0000000700000000,0x00000007af100000)
  from space 490496K, 99% used [0x00000007af100000,0x00000007ccfd5660,0x00000007cd000000)
  to   space 734720K, 0% used [0x00000007d3280000,0x00000007d3280000,0x0000000800000000)
 ParOldGen       total 8388608K, used 211528K [0x0000000500000000, 0x0000000700000000, 0x0000000700000000)
  object space 8388608K, 2% used [0x0000000500000000,0x000000050ce920a0,0x0000000700000000)
 Metaspace       used 88813K, capacity 90512K, committed 90772K, reserved 1126400K
  class space    used 12617K, capacity 13298K, committed 13312K, reserved 1048576K
}
Event: 298.372 GC heap before
{Heap before GC invocations=11 (full 3):
 PSYoungGen      total 3358720K, used 3358549K [0x0000000700000000, 0x0000000800000000, 0x0000000800000000)
  eden space 2868224K, 100% used [0x0000000700000000,0x00000007af100000,0x00000007af100000)
  from space 490496K, 99% used [0x00000007af100000,0x00000007ccfd5660,0x00000007cd000000)
  to   space 734720K, 0% used [0x00000007d3280000,0x00000007d3280000,0x0000000800000000)
 ParOldGen       total 8388608K, used 211528K [0x0000000500000000, 0x0000000700000000, 0x0000000700000000)
  object space 8388608K, 2% used [0x0000000500000000,0x000000050ce920a0,0x0000000700000000)
 Metaspace       used 88813K, capacity 90512K, committed 90772K, reserved 1126400K
  class space    used 12617K, capacity 13298K, committed 13312K, reserved 1048576K
}
Event: 298.546 GC heap after
{Heap after GC invocations=11 (full 3):
 PSYoungGen      total 3472384K, used 361877K [0x0000000700000000, 0x0000000800000000, 0x0000000800000000)
  eden space 2737664K, 0% used [0x0000000700000000,0x0000000700000000,0x00000007a7180000)
  from space 734720K, 49% used [0x00000007d3280000,0x00000007e93e57c0,0x0000000800000000)
  to   space 721920K, 0% used [0x00000007a7180000,0x00000007a7180000,0x00000007d3280000)
 ParOldGen       total 8388608K, used 376424K [0x0000000500000000, 0x0000000700000000, 0x0000000700000000)
  object space 8388608K, 4% used [0x0000000500000000,0x0000000516f9a3f0,0x0000000700000000)
 Metaspace       used 88813K, capacity 90512K, committed 90772K, reserved 1126400K
  class space    used 12617K, capacity 13298K, committed 13312K, reserved 1048576K
}
Event: 302.897 GC heap before
{Heap before GC invocations=12 (full 3):
 PSYoungGen      total 3472384K, used 3099541K [0x0000000700000000, 0x0000000800000000, 0x0000000800000000)
  eden space 2737664K, 100% used [0x0000000700000000,0x00000007a7180000,0x00000007a7180000)
  from space 734720K, 49% used [0x00000007d3280000,0x00000007e93e57c0,0x0000000800000000)
  to   space 721920K, 0% used [0x00000007a7180000,0x00000007a7180000,0x00000007d3280000)
 ParOldGen       total 8388608K, used 376424K [0x0000000500000000, 0x0000000700000000, 0x0000000700000000)
  object space 8388608K, 4% used [0x0000000500000000,0x0000000516f9a3f0,0x0000000700000000)
 Metaspace       used 88823K, capacity 90576K, committed 90772K, reserved 1126400K
  class space    used 12617K, capacity 13298K, committed 13312K, reserved 1048576K
}
Event: 303.105 GC heap after
{Heap after GC invocations=12 (full 3):
 PSYoungGen      total 3459584K, used 104117K [0x0000000700000000, 0x0000000800000000, 0x0000000800000000)
  eden space 2737664K, 0% used [0x0000000700000000,0x0000000700000000,0x00000007a7180000)
  from space 721920K, 14% used [0x00000007a7180000,0x00000007ad72d5a0,0x00000007d3280000)
  to   space 703488K, 0% used [0x00000007d5100000,0x00000007d5100000,0x0000000800000000)
 ParOldGen       total 8388608K, used 669266K [0x0000000500000000, 0x0000000700000000, 0x0000000700000000)
  object space 8388608K, 7% used [0x0000000500000000,0x0000000528d94890,0x0000000700000000)
 Metaspace       used 88823K, capacity 90576K, committed 90772K, reserved 1126400K
  class space    used 12617K, capacity 13298K, committed 13312K, reserved 1048576K
}
Event: 307.274 GC heap before
{Heap before GC invocations=13 (full 3):
 PSYoungGen      total 3459584K, used 2841781K [0x0000000700000000, 0x0000000800000000, 0x0000000800000000)
  eden space 2737664K, 100% used [0x0000000700000000,0x00000007a7180000,0x00000007a7180000)
  from space 721920K, 14% used [0x00000007a7180000,0x00000007ad72d5a0,0x00000007d3280000)
  to   space 703488K, 0% used [0x00000007d5100000,0x00000007d5100000,0x0000000800000000)
 ParOldGen       total 8388608K, used 669266K [0x0000000500000000, 0x0000000700000000, 0x0000000700000000)
  object space 8388608K, 7% used [0x0000000500000000,0x0000000528d94890,0x0000000700000000)
 Metaspace       used 88834K, capacity 90584K, committed 90772K, reserved 1126400K
  class space    used 12618K, capacity 13300K, committed 13312K, reserved 1048576K
}
Event: 307.329 GC heap after
{Heap after GC invocations=13 (full 3):
 PSYoungGen      total 3503616K, used 66400K [0x0000000700000000, 0x0000000800000000, 0x0000000800000000)
  eden space 2800128K, 0% used [0x0000000700000000,0x0000000700000000,0x00000007aae80000)
  from space 703488K, 9% used [0x00000007d5100000,0x00000007d91d8368,0x0000000800000000)
  to   space 690688K, 0% used [0x00000007aae80000,0x00000007aae80000,0x00000007d5100000)
 ParOldGen       total 8388608K, used 743362K [0x0000000500000000, 0x0000000700000000, 0x0000000700000000)
  object space 8388608K, 8% used [0x0000000500000000,0x000000052d5f0890,0x0000000700000000)
 Metaspace       used 88834K, capacity 90584K, committed 90772K, reserved 1126400K
  class space    used 12618K, capacity 13300K, committed 13312K, reserved 1048576K
}
Event: 311.673 GC heap before
{Heap before GC invocations=14 (full 3):
 PSYoungGen      total 3503616K, used 2866528K [0x0000000700000000, 0x0000000800000000, 0x0000000800000000)
  eden space 2800128K, 100% used [0x0000000700000000,0x00000007aae80000,0x00000007aae80000)
  from space 703488K, 9% used [0x00000007d5100000,0x00000007d91d8368,0x0000000800000000)
  to   space 690688K, 0% used [0x00000007aae80000,0x00000007aae80000,0x00000007d5100000)
 ParOldGen       total 8388608K, used 743362K [0x0000000500000000, 0x0000000700000000, 0x0000000700000000)
  object space 8388608K, 8% used [0x0000000500000000,0x000000052d5f0890,0x0000000700000000)
 Metaspace       used 88834K, capacity 90584K, committed 90772K, reserved 1126400K
  class space    used 12618K, capacity 13300K, committed 13312K, reserved 1048576K
}
Event: 311.738 GC heap after
{Heap after GC invocations=14 (full 3):
 PSYoungGen      total 3490816K, used 35121K [0x0000000700000000, 0x0000000800000000, 0x0000000800000000)
  eden space 2800128K, 0% used [0x0000000700000000,0x0000000700000000,0x00000007aae80000)
  from space 690688K, 5% used [0x00000007aae80000,0x00000007ad0cc518,0x00000007d5100000)
  to   space 679424K, 0% used [0x00000007d6880000,0x00000007d6880000,0x0000000800000000)
 ParOldGen       total 8388608K, used 812874K [0x0000000500000000, 0x0000000700000000, 0x0000000700000000)
  object space 8388608K, 9% used [0x0000000500000000,0x00000005319d2890,0x0000000700000000)
 Metaspace       used 88834K, capacity 90584K, committed 90772K, reserved 1126400K
  class space    used 12618K, capacity 13300K, committed 13312K, reserved 1048576K
}
Event: 316.275 GC heap before
{Heap before GC invocations=15 (full 3):
 PSYoungGen      total 3490816K, used 2835249K [0x0000000700000000, 0x0000000800000000, 0x0000000800000000)
  eden space 2800128K, 100% used [0x0000000700000000,0x00000007aae80000,0x00000007aae80000)
  from space 690688K, 5% used [0x00000007aae80000,0x00000007ad0cc518,0x00000007d5100000)
  to   space 679424K, 0% used [0x00000007d6880000,0x00000007d6880000,0x0000000800000000)
 ParOldGen       total 8388608K, used 812874K [0x0000000500000000, 0x0000000700000000, 0x0000000700000000)
  object space 8388608K, 9% used [0x0000000500000000,0x00000005319d2890,0x0000000700000000)
 Metaspace       used 88834K, capacity 90584K, committed 90772K, reserved 1126400K
  class space    used 12618K, capacity 13300K, committed 13312K, reserved 1048576K
}
Event: 316.321 GC heap after
{Heap after GC invocations=15 (full 3):
 PSYoungGen      total 3530240K, used 34560K [0x0000000700000000, 0x0000000800000000, 0x0000000800000000)
  eden space 2850816K, 0% used [0x0000000700000000,0x0000000700000000,0x00000007ae000000)
  from space 679424K, 5% used [0x00000007d6880000,0x00000007d8a40000,0x0000000800000000)
  to   space 664064K, 0% used [0x00000007ae000000,0x00000007ae000000,0x00000007d6880000)
 ParOldGen       total 8388608K, used 849795K [0x0000000500000000, 0x0000000700000000, 0x0000000700000000)
  object space 8388608K, 10% used [0x0000000500000000,0x0000000533de0da8,0x0000000700000000)
 Metaspace       used 88834K, capacity 90584K, committed 90772K, reserved 1126400K
  class space    used 12618K, capacity 13300K, committed 13312K, reserved 1048576K
}
Event: 320.795 GC heap before
{Heap before GC invocations=16 (full 3):
 PSYoungGen      total 3530240K, used 2885376K [0x0000000700000000, 0x0000000800000000, 0x0000000800000000)
  eden space 2850816K, 100% used [0x0000000700000000,0x00000007ae000000,0x00000007ae000000)
  from space 679424K, 5% used [0x00000007d6880000,0x00000007d8a40000,0x0000000800000000)
  to   space 664064K, 0% used [0x00000007ae000000,0x00000007ae000000,0x00000007d6880000)
 ParOldGen       total 8388608K, used 849795K [0x0000000500000000, 0x0000000700000000, 0x0000000700000000)
  object space 8388608K, 10% used [0x0000000500000000,0x0000000533de0da8,0x0000000700000000)
 Metaspace       used 88834K, capacity 90584K, committed 90772K, reserved 1126400K
  class space    used 12618K, capacity 13300K, committed 13312K, reserved 1048576K
}
Event: 320.832 GC heap after
{Heap after GC invocations=16 (full 3):
 PSYoungGen      total 3514880K, used 35167K [0x0000000700000000, 0x0000000800000000, 0x0000000800000000)
  eden space 2850816K, 0% used [0x0000000700000000,0x0000000700000000,0x00000007ae000000)
  from space 664064K, 5% used [0x00000007ae000000,0x00000007b0257e00,0x00000007d6880000)
  to   space 645120K, 0% used [0x00000007d8a00000,0x00000007d8a00000,0x0000000800000000)
 ParOldGen       total 8388608K, used 885963K [0x0000000500000000, 0x0000000700000000, 0x0000000700000000)
  object space 8388608K, 10% used [0x0000000500000000,0x0000000536132da8,0x0000000700000000)
 Metaspace       used 88834K, capacity 90584K, committed 90772K, reserved 1126400K
  class space    used 12618K, capacity 13300K, committed 13312K, reserved 1048576K
}

